<?xml version="1.0" encoding="UTF-8"?>
<testng-results ignored="0" total="1" passed="1" failed="0" skipped="0">
  <reporter-output>
  </reporter-output>
  <suite started-at="2025-12-03T11:16:49 IST" name="Suite" finished-at="2025-12-03T11:16:50 IST" duration-ms="70">
    <groups>
      <group name="regression">
        <method signature="DemoTest.Virat()[pri:0, instance:deMO.DemoTest@59662a0b]" name="Virat" class="deMO.DemoTest"/>
      </group> <!-- regression -->
    </groups>
    <test started-at="2025-12-03T11:16:49 IST" name="Test" finished-at="2025-12-03T11:16:50 IST" duration-ms="70">
      <class name="deMO.DemoTest">
        <test-method signature="Virat()[pri:0, instance:deMO.DemoTest@59662a0b]" started-at="2025-12-03T11:16:50 IST" name="Virat" finished-at="2025-12-03T11:16:50 IST" duration-ms="12" status="PASS">
          <reporter-output>
          </reporter-output>
        </test-method> <!-- Virat -->
      </class> <!-- deMO.DemoTest -->
    </test> <!-- Test -->
  </suite> <!-- Suite -->
</testng-results>
